[VERBOSE]2018/10/08 18:57:39 Parse configs succesed...
[INFO]2018/10/08 18:57:39 Hello GO
[VERBOSE]2018/10/08 18:57:39 This is a verbose,...
[#Warning#]2018/10/08 18:57:39 This is a debug 1,*** 	callpos=>(E:/WorkSpace/GoWorld/src/ktnet/ktcore/ktlog/log.go:32)
[ERROR#!!]2018/10/08 18:57:39 This is a Error log,1 2 3 	callpos=>(E:/WorkSpace/GoWorld/src/ktnet/ktcore/ktlog/log.go:27)
[INFO]2018/10/08 18:57:39 Listening on :3000...
[VERBOSE]2018/10/08 19:05:14 Parse configs succesed...
[INFO]2018/10/08 19:05:14 Hello GO
[VERBOSE]2018/10/08 19:05:14 This is a verbose,...
[#Warning#]2018/10/08 19:05:14 This is a debug 1,*** 	callpos=>(E:/WorkSpace/GoWorld/src/ktnet/ktcore/ktlog/log.go:34)
[ERROR#!!]2018/10/08 19:05:14 This is a Error log,1 2 3 	callpos=>(E:/WorkSpace/GoWorld/src/ktnet/ktcore/ktlog/log.go:29)
[INFO]2018/10/08 19:05:14 Listening on :3000...
[VERBOSE]2018/10/08 19:05:57 Parse configs succesed...
[INFO]2018/10/08 19:05:57 Hello GO
[VERBOSE]2018/10/08 19:05:57 This is a verbose,...
[#Warning#]2018/10/08 19:05:57 This is a debug 1,*** 	callpos=>(E:/WorkSpace/GoWorld/src/ktnet/ktcore/ktlog/log.go:35)
[ERROR#!!]2018/10/08 19:05:57 This is a Error log,1 2 3 	callpos=>(E:/WorkSpace/GoWorld/src/ktnet/ktcore/ktlog/log.go:30)
[INFO]2018/10/08 19:05:57 Listening on :3000...
[VERBOSE]2018/10/08 19:07:18 Parse configs succesed...
[INFO]2018/10/08 19:07:18 Hello GO
[VERBOSE]2018/10/08 19:07:18 This is a verbose,...
[#Warning#]2018/10/08 19:07:18 This is a debug 1,*** 	callpos=>(E:/WorkSpace/GoWorld/src/ktnet/ktcore/ktlog/log.go:35)
[ERROR#!!]2018/10/08 19:07:18 This is a Error log,1 2 3 	callpos=>(E:/WorkSpace/GoWorld/src/ktnet/ktcore/ktlog/log.go:30)
[INFO]2018/10/08 19:07:18 ===========================,core
[VERBOSE]2018/10/08 19:08:11 Parse configs succesed...
[INFO]2018/10/08 19:08:11 Hello GO
[VERBOSE]2018/10/08 19:08:11 This is a verbose,...
[#Warning#]2018/10/08 19:08:11 This is a debug 1,*** 	callpos=>(E:/WorkSpace/GoWorld/src/ktnet/ktcore/ktlog/log.go:35)
[ERROR#!!]2018/10/08 19:08:11 This is a Error log,1 2 3 	callpos=>(E:/WorkSpace/GoWorld/src/ktnet/ktcore/ktlog/log.go:30)
[INFO]2018/10/08 19:08:11 ===========================,core
[INFO]2018/10/08 19:08:11 ===========================,login
[INFO]2018/10/08 19:08:11 Listening on :3000...
[VERBOSE]2018/10/08 19:10:31 Parse configs succesed...
[INFO]2018/10/08 19:10:31 Hello GO
[VERBOSE]2018/10/08 19:10:31 This is a verbose,...
[#Warning#]2018/10/08 19:10:31 This is a debug 1,*** 	callpos=>(E:/WorkSpace/GoWorld/src/ktnet/ktcore/ktlog/log.go:34)
[ERROR#!!]2018/10/08 19:10:31 This is a Error log,1 2 3 	callpos=>(E:/WorkSpace/GoWorld/src/ktnet/ktcore/ktlog/log.go:29)
[INFO]2018/10/08 19:10:31 Listening on :3000...
[VERBOSE]2018/10/08 19:11:40 Parse configs succesed...
[INFO]2018/10/08 19:11:40 Hello GO
[VERBOSE]2018/10/08 19:11:40 This is a verbose,...
[#Warning#]2018/10/08 19:11:40 This is a debug 1,*** 	callpos=>(E:/WorkSpace/GoWorld/src/ktnet/ktcore/ktlog/log.go:34)
[ERROR#!!]2018/10/08 19:11:40 This is a Error log,1 2 3 	callpos=>(E:/WorkSpace/GoWorld/src/ktnet/ktcore/ktlog/log.go:29)
[INFO]2018/10/08 19:11:40 Listening on :3000...
[VERBOSE]2018/10/08 19:11:50 Parse configs succesed...
[INFO]2018/10/08 19:11:50 Hello GO
[VERBOSE]2018/10/08 19:11:50 This is a verbose,...
[#Warning#]2018/10/08 19:11:50 This is a debug 1,*** 	callpos=>(E:/WorkSpace/GoWorld/src/ktnet/ktcore/ktlog/log.go:34)
[ERROR#!!]2018/10/08 19:11:50 This is a Error log,1 2 3 	callpos=>(E:/WorkSpace/GoWorld/src/ktnet/ktcore/ktlog/log.go:29)
[INFO]2018/10/08 19:11:50 Listening on :3000...
[VERBOSE]2018/10/08 19:14:45 Parse configs succesed...
[INFO]2018/10/08 19:14:45 Hello GO
[VERBOSE]2018/10/08 19:14:45 This is a verbose,...
[#Warning#]2018/10/08 19:14:45 This is a debug 1,*** 	callpos=>(E:/WorkSpace/GoWorld/src/ktnet/ktcore/ktlog/log.go:34)
[ERROR#!!]2018/10/08 19:14:45 This is a Error log,1 2 3 	callpos=>(E:/WorkSpace/GoWorld/src/ktnet/ktcore/ktlog/log.go:29)
[INFO]2018/10/08 19:14:45 Listening on :3000...
[VERBOSE]2018/10/08 19:15:39 Parse configs succesed...
[INFO]2018/10/08 19:15:39 Hello GO
[VERBOSE]2018/10/08 19:15:39 This is a verbose,...
[#Warning#]2018/10/08 19:15:39 This is a debug 1,*** 	callpos=>(E:/WorkSpace/GoWorld/src/ktnet/ktcore/ktlog/log.go:34)
[ERROR#!!]2018/10/08 19:15:39 This is a Error log,1 2 3 	callpos=>(E:/WorkSpace/GoWorld/src/ktnet/ktcore/ktlog/log.go:29)
[INFO]2018/10/08 19:15:39 Listening on :3000...
[VERBOSE]2018/10/08 19:16:38 Parse configs succesed...
[INFO]2018/10/08 19:16:38 Hello GO
[VERBOSE]2018/10/08 19:16:38 This is a verbose,...
[#Warning#]2018/10/08 19:16:38 This is a debug 1,*** 	callpos=>(E:/WorkSpace/GoWorld/src/ktnet/ktcore/ktlog/log.go:34)
[ERROR#!!]2018/10/08 19:16:38 This is a Error log,1 2 3 	callpos=>(E:/WorkSpace/GoWorld/src/ktnet/ktcore/ktlog/log.go:29)
[INFO]2018/10/08 19:16:38 Listening on :3000...
[VERBOSE]2018/10/08 19:16:47 Parse configs succesed...
[INFO]2018/10/08 19:16:47 Hello GO
[VERBOSE]2018/10/08 19:16:47 This is a verbose,...
[#Warning#]2018/10/08 19:16:47 This is a debug 1,*** 	callpos=>(E:/WorkSpace/GoWorld/src/ktnet/ktcore/ktlog/log.go:34)
[ERROR#!!]2018/10/08 19:16:47 This is a Error log,1 2 3 	callpos=>(E:/WorkSpace/GoWorld/src/ktnet/ktcore/ktlog/log.go:29)
[INFO]2018/10/08 19:16:47 Listening on :3000...
[VERBOSE]2018/10/08 19:17:48 Parse configs succesed...
[INFO]2018/10/08 19:17:48 Hello GO
[VERBOSE]2018/10/08 19:17:48 This is a verbose,...
[#Warning#]2018/10/08 19:17:48 This is a debug 1,*** 	callpos=>(E:/WorkSpace/GoWorld/src/ktnet/ktcore/ktlog/log.go:34)
[ERROR#!!]2018/10/08 19:17:48 This is a Error log,1 2 3 	callpos=>(E:/WorkSpace/GoWorld/src/ktnet/ktcore/ktlog/log.go:29)
[INFO]2018/10/08 19:17:48 -----------
[VERBOSE]2018/10/08 19:22:51 Parse configs succesed...
[INFO]2018/10/08 19:22:51 Hello GO
[VERBOSE]2018/10/08 19:22:51 This is a verbose,...
[#Warning#]2018/10/08 19:22:51 This is a debug 1,*** 	callpos=>(E:/WorkSpace/GoWorld/src/ktnet/ktcore/ktlog/log.go:34)
[ERROR#!!]2018/10/08 19:22:51 This is a Error log,1 2 3 	callpos=>(E:/WorkSpace/GoWorld/src/ktnet/ktcore/ktlog/log.go:29)
[INFO]2018/10/08 19:22:51 Listening on :3000...
[VERBOSE]2018/10/08 19:23:47 Parse configs succesed...
[INFO]2018/10/08 19:23:47 Hello GO
[VERBOSE]2018/10/08 19:23:47 This is a verbose,...
[#Warning#]2018/10/08 19:23:47 This is a debug 1,*** 	callpos=>(E:/WorkSpace/GoWorld/src/ktnet/ktcore/ktlog/log.go:34)
[ERROR#!!]2018/10/08 19:23:47 This is a Error log,1 2 3 	callpos=>(E:/WorkSpace/GoWorld/src/ktnet/ktcore/ktlog/log.go:29)
[INFO]2018/10/08 19:23:47 Listening on :3000...
