2019/04/08 18:06:53 读取文件:E:/WorkSpace/Gaoda-trunk/client/tbl_tools/导表工具/Template/TemplateLang/CampBattleMapDataTemplateLang.lua
2019/04/08 18:06:53 字节:1481
2019/04/08 18:06:53 读取文件:E:/WorkSpace/Gaoda-trunk/client/tbl_tools/导表工具/Template/TemplateLang/CampBattleNPCDataTemplateLang.lua
2019/04/08 18:06:53 字节:757
2019/04/08 18:06:53 读取文件:E:/WorkSpace/Gaoda-trunk/client/tbl_tools/导表工具/Template/TemplateLang/CaptainDataTemplateLang.lua
2019/04/08 18:06:53 字节:88028
2019/04/08 18:06:53 读取文件:E:/WorkSpace/Gaoda-trunk/client/tbl_tools/导表工具/Template/TemplateLang/CaptainExchangeTemplateLang.lua
2019/04/08 18:06:53 字节:2321
2019/04/08 18:06:53 读取文件:E:/WorkSpace/Gaoda-trunk/client/tbl_tools/导表工具/Template/TemplateLang/CaptainPieceDataTemplateLang.lua
2019/04/08 18:06:53 字节:23305
2019/04/08 18:06:53 读取文件:E:/WorkSpace/Gaoda-trunk/client/tbl_tools/导表工具/Template/TemplateLang/CaptainRecruitDataTemplateLang.lua
2019/04/08 18:06:53 字节:566
2019/04/08 18:06:53 读取文件:E:/WorkSpace/Gaoda-trunk/client/tbl_tools/导表工具/Template/TemplateLang/CashDataTemplateLang.lua
2019/04/08 18:06:53 字节:1259
2019/04/08 18:06:53 读取文件:E:/WorkSpace/Gaoda-trunk/client/tbl_tools/导表工具/Template/TemplateLang/ContestRewardTemplateLang.lua
2019/04/08 18:06:53 字节:1525
2019/04/08 18:06:53 读取文件:E:/WorkSpace/Gaoda-trunk/client/tbl_tools/导表工具/Template/TemplateLang/ContestTimeTemplateLang.lua
2019/04/08 18:06:53 字节:769
2019/04/08 18:06:53 读取文件:E:/WorkSpace/Gaoda-trunk/client/tbl_tools/导表工具/Template/TemplateLang/CrewDataTemplateLang.lua
2019/04/08 18:06:53 字节:3951
2019/04/08 18:06:53 读取文件:E:/WorkSpace/Gaoda-trunk/client/tbl_tools/导表工具/Template/TemplateLang/CrewPiecesDataTemplateLang.lua
2019/04/08 18:06:53 字节:3300
2019/04/08 18:06:53 读取文件:E:/WorkSpace/Gaoda-trunk/client/tbl_tools/导表工具/Template/TemplateLang/CrewSpecialityDataTemplateLang.lua
2019/04/08 18:06:53 字节:2321
2019/04/08 18:06:53 读取文件:E:/WorkSpace/Gaoda-trunk/client/tbl_tools/导表工具/Template/TemplateLang/CrewStyleTemplateLang.lua
2019/04/08 18:06:53 字节:429
2019/04/08 18:06:53 读取文件:E:/WorkSpace/Gaoda-trunk/client/tbl_tools/导表工具/Template/TemplateLang/CrewTitleDataTemplateLang.lua
2019/04/08 18:06:53 字节:827
2019/04/08 18:06:53 读取文件:E:/WorkSpace/Gaoda-trunk/client/tbl_tools/导表工具/Template/TemplateLang/DailyMissionTemplateLang.lua
2019/04/08 18:06:53 字节:2424
2019/04/08 18:06:53 读取文件:E:/WorkSpace/Gaoda-trunk/client/tbl_tools/导表工具/Template/TemplateLang/EngineerDataTemplateLang.lua
2019/04/08 18:06:53 字节:512
2019/04/08 18:06:53 读取文件:E:/WorkSpace/Gaoda-trunk/client/tbl_tools/导表工具/Template/TemplateLang/ExplainTemplateLang.lua
2019/04/08 18:06:53 字节:96113
2019/04/08 18:06:53 读取文件:E:/WorkSpace/Gaoda-trunk/client/tbl_tools/导表工具/Template/TemplateLang/ExploitsDataTemplateLang.lua
2019/04/08 18:06:53 字节:748
2019/04/08 18:06:53 读取文件:E:/WorkSpace/Gaoda-trunk/client/tbl_tools/导表工具/Template/TemplateLang/FakeBroadcastNameTemplateLang.lua
2019/04/08 18:06:53 字节:44971
2019/04/08 18:06:53 读取文件:E:/WorkSpace/Gaoda-trunk/client/tbl_tools/导表工具/Template/TemplateLang/FirstBattleCampDataTemplateLang.lua
2019/04/08 18:06:53 字节:425
2019/04/08 18:06:53 读取文件:E:/WorkSpace/Gaoda-trunk/client/tbl_tools/导表工具/Template/TemplateLang/FirstBattleShipDataTemplateLang.lua
2019/04/08 18:06:53 字节:1411
2019/04/08 18:06:53 读取文件:E:/WorkSpace/Gaoda-trunk/client/tbl_tools/导表工具/Template/TemplateLang/FirstRechargeTemplateLang.lua
2019/04/08 18:06:53 字节:1141
2019/04/08 18:06:53 读取文件:E:/WorkSpace/Gaoda-trunk/client/tbl_tools/导表工具/Template/TemplateLang/GlobalArenaGradeTemplateLang.lua
2019/04/08 18:06:53 字节:1169
2019/04/08 18:06:53 读取文件:E:/WorkSpace/Gaoda-trunk/client/tbl_tools/导表工具/Template/TemplateLang/GlobalArenaNpcTeamTemplateLang.lua
2019/04/08 18:06:53 字节:371
2019/04/08 18:06:53 读取文件:E:/WorkSpace/Gaoda-trunk/client/tbl_tools/导表工具/Template/TemplateLang/GlobalArenaRankTemplateLang.lua
2019/04/08 18:06:53 字节:11601
2019/04/08 18:06:53 读取文件:E:/WorkSpace/Gaoda-trunk/client/tbl_tools/导表工具/Template/TemplateLang/GlobalCampBattleMapDataTemplateLang.lua
2019/04/08 18:06:53 字节:1571
2019/04/08 18:06:53 读取文件:E:/WorkSpace/Gaoda-trunk/client/tbl_tools/导表工具/Template/TemplateLang/GuidebookTemplateLang.lua
2019/04/08 18:06:53 字节:19860
2019/04/08 18:06:53 读取文件:E:/WorkSpace/Gaoda-trunk/client/tbl_tools/导表工具/Template/TemplateLang/GuideNpcTalkTemplateLang.lua
2019/04/08 18:06:53 字节:25416
2019/04/08 18:06:53 读取文件:E:/WorkSpace/Gaoda-trunk/client/tbl_tools/导表工具/Template/TemplateLang/GuildRedPacketGiveTemplateLang.lua
2019/04/08 18:06:53 字节:1071
2019/04/08 18:06:53 读取文件:E:/WorkSpace/Gaoda-trunk/client/tbl_tools/导表工具/Template/TemplateLang/GuildscienceTemplateLang.lua
2019/04/08 18:06:53 字节:1506
2019/04/08 18:06:53 读取文件:E:/WorkSpace/Gaoda-trunk/client/tbl_tools/导表工具/Template/TemplateLang/HeadFrameTemplateLang.lua
2019/04/08 18:06:53 字节:1015
2019/04/08 18:06:53 读取文件:E:/WorkSpace/Gaoda-trunk/client/tbl_tools/导表工具/Template/TemplateLang/HelpTemplateLang.lua
2019/04/08 18:06:53 字节:3323
2019/04/08 18:06:53 读取文件:E:/WorkSpace/Gaoda-trunk/client/tbl_tools/导表工具/Template/TemplateLang/HelpTxtTemplateLang.lua
2019/04/08 18:06:53 字节:2479
2019/04/08 18:06:53 读取文件:E:/WorkSpace/Gaoda-trunk/client/tbl_tools/导表工具/Template/TemplateLang/ItemTemplateLang.lua
2019/04/08 18:06:53 字节:35556
2019/04/08 18:06:53 读取文件:E:/WorkSpace/Gaoda-trunk/client/tbl_tools/导表工具/Template/TemplateLang/LevelDataTemplateLang.lua
2019/04/08 18:06:53 字节:1850
2019/04/08 18:06:53 读取文件:E:/WorkSpace/Gaoda-trunk/client/tbl_tools/导表工具/Template/TemplateLang/LimitFightTemplateLang.lua
2019/04/08 18:06:53 字节:897
2019/04/08 18:06:53 读取文件:E:/WorkSpace/Gaoda-trunk/client/tbl_tools/导表工具/Template/TemplateLang/LimitShopTemplateLang.lua
2019/04/08 18:06:53 字节:2321
2019/04/08 18:06:53 读取文件:E:/WorkSpace/Gaoda-trunk/client/tbl_tools/导表工具/Template/TemplateLang/LimitShopViewTemplateLang.lua
2019/04/08 18:06:53 字节:1019
2019/04/08 18:06:53 读取文件:E:/WorkSpace/Gaoda-trunk/client/tbl_tools/导表工具/Template/TemplateLang/MailDataTemplateLang.lua
2019/04/08 18:06:53 字节:9617
2019/04/08 18:06:53 读取文件:E:/WorkSpace/Gaoda-trunk/client/tbl_tools/导表工具/Template/TemplateLang/MedalDataTemplateLang.lua
2019/04/08 18:06:53 字节:5289
2019/04/08 18:06:53 读取文件:E:/WorkSpace/Gaoda-trunk/client/tbl_tools/导表工具/Template/TemplateLang/MedalpiecesTemplateLang.lua
2019/04/08 18:06:53 字节:1354
2019/04/08 18:06:53 读取文件:E:/WorkSpace/Gaoda-trunk/client/tbl_tools/导表工具/Template/TemplateLang/MessageTemplateLang.lua
2019/04/08 18:06:53 字节:2970
2019/04/08 18:06:53 读取文件:E:/WorkSpace/Gaoda-trunk/client/tbl_tools/导表工具/Template/TemplateLang/MilitaryRankTemplateLang.lua
2019/04/08 18:06:53 字节:1081
2019/04/08 18:06:53 读取文件:E:/WorkSpace/Gaoda-trunk/client/tbl_tools/导表工具/Template/TemplateLang/MilitaryRightsTemplateLang.lua
2019/04/08 18:06:53 字节:1635
2019/04/08 18:06:53 读取文件:E:/WorkSpace/Gaoda-trunk/client/tbl_tools/导表工具/Template/TemplateLang/NamePlayerDataTemplateLang.lua
2019/04/08 18:06:53 字节:36706
2019/04/08 18:06:53 读取文件:E:/WorkSpace/Gaoda-trunk/client/tbl_tools/导表工具/Template/TemplateLang/NextFunctionTemplateLang.lua
2019/04/08 18:06:53 字节:5697
2019/04/08 18:06:53 读取文件:E:/WorkSpace/Gaoda-trunk/client/tbl_tools/导表工具/Template/TemplateLang/NpcDataTemplateLang.lua
2019/04/08 18:06:53 字节:18591
2019/04/08 18:06:53 读取文件:E:/WorkSpace/Gaoda-trunk/client/tbl_tools/导表工具/Template/TemplateLang/OreRobNPCDataTemplateLang.lua
2019/04/08 18:06:53 字节:5651
2019/04/08 18:06:53 读取文件:E:/WorkSpace/Gaoda-trunk/client/tbl_tools/导表工具/Template/TemplateLang/PartspiecesTemplateLang.lua
2019/04/08 18:06:53 字节:23196
2019/04/08 18:06:53 读取文件:E:/WorkSpace/Gaoda-trunk/client/tbl_tools/导表工具/Template/TemplateLang/PartsTemplateLang.lua
2019/04/08 18:06:53 字节:10081
2019/04/08 18:06:53 读取文件:E:/WorkSpace/Gaoda-trunk/client/tbl_tools/导表工具/Template/TemplateLang/PeakArenaAwarShowTemplateLang.lua
2019/04/08 18:06:53 字节:1637
2019/04/08 18:06:53 读取文件:E:/WorkSpace/Gaoda-trunk/client/tbl_tools/导表工具/Template/TemplateLang/PeakArenaStarDayTemplateLang.lua
2019/04/08 18:06:53 字节:1621
2019/04/08 18:06:53 读取文件:E:/WorkSpace/Gaoda-trunk/client/tbl_tools/导表工具/Template/TemplateLang/QuestionLibDataTemplateLang.lua
2019/04/08 18:06:53 字节:30541
2019/04/08 18:06:53 读取文件:E:/WorkSpace/Gaoda-trunk/client/tbl_tools/导表工具/Template/TemplateLang/RandomShopDataTemplateLang.lua
2019/04/08 18:06:53 字节:2883
2019/04/08 18:06:53 读取文件:E:/WorkSpace/Gaoda-trunk/client/tbl_tools/导表工具/Template/TemplateLang/RechargeExchangeTemplateLang.lua
2019/04/08 18:06:53 字节:698
2019/04/08 18:06:53 读取文件:E:/WorkSpace/Gaoda-trunk/client/tbl_tools/导表工具/Template/TemplateLang/RobNPCDataTemplateLang.lua
2019/04/08 18:06:53 字节:5336
2019/04/08 18:06:53 读取文件:E:/WorkSpace/Gaoda-trunk/client/tbl_tools/导表工具/Template/TemplateLang/SevenDaysNameTemplateLang.lua
2019/04/08 18:06:53 字节:611
2019/04/08 18:06:53 读取文件:E:/WorkSpace/Gaoda-trunk/client/tbl_tools/导表工具/Template/TemplateLang/ShopDataTemplateLang.lua
2019/04/08 18:06:53 字节:4776
2019/04/08 18:06:53 读取文件:E:/WorkSpace/Gaoda-trunk/client/tbl_tools/导表工具/Template/TemplateLang/SkillDataTemplateLang.lua
2019/04/08 18:06:53 字节:9685
2019/04/08 18:06:53 读取文件:E:/WorkSpace/Gaoda-trunk/client/tbl_tools/导表工具/Template/TemplateLang/StageDataTemplateLang.lua
2019/04/08 18:06:53 字节:85604
2019/04/08 18:06:53 读取文件:E:/WorkSpace/Gaoda-trunk/client/tbl_tools/导表工具/Template/TemplateLang/StageSpecialDataTemplateLang.lua
2019/04/08 18:06:53 字节:21902
2019/04/08 18:06:53 读取文件:E:/WorkSpace/Gaoda-trunk/client/tbl_tools/导表工具/Template/TemplateLang/SuperExchangeTemplateLang.lua
2019/04/08 18:06:53 字节:2225
2019/04/08 18:06:53 读取文件:E:/WorkSpace/Gaoda-trunk/client/tbl_tools/导表工具/Template/TemplateLang/SystembroadcastTemplateLang.lua
2019/04/08 18:06:53 字节:5937
2019/04/08 18:06:53 读取文件:E:/WorkSpace/Gaoda-trunk/client/tbl_tools/导表工具/Template/TemplateLang/TalentTemplateLang.lua
2019/04/08 18:06:53 字节:882
2019/04/08 18:06:53 读取文件:E:/WorkSpace/Gaoda-trunk/client/tbl_tools/导表工具/Template/TemplateLang/TalkDataTemplateLang.lua
2019/04/08 18:06:53 字节:799
2019/04/08 18:06:53 读取文件:E:/WorkSpace/Gaoda-trunk/client/tbl_tools/导表工具/Template/TemplateLang/TankDataTemplateLang.lua
2019/04/08 18:06:53 字节:80626
2019/04/08 18:06:53 读取文件:E:/WorkSpace/Gaoda-trunk/client/tbl_tools/导表工具/Template/TemplateLang/TankPieceDataTemplateLang.lua
2019/04/08 18:06:53 字节:30066
2019/04/08 18:06:53 读取文件:E:/WorkSpace/Gaoda-trunk/client/tbl_tools/导表工具/Template/TemplateLang/TipsTemplateLang.lua
2019/04/08 18:06:53 字节:5753
2019/04/08 18:06:53 读取文件:E:/WorkSpace/Gaoda-trunk/client/tbl_tools/导表工具/Template/TemplateLang/TrainDataTemplateLang.lua
2019/04/08 18:06:53 字节:429
2019/04/08 18:06:53 读取文件:E:/WorkSpace/Gaoda-trunk/client/tbl_tools/导表工具/Template/TemplateLang/VipTemplateLang.lua
2019/04/08 18:06:53 字节:20741
2019/04/08 18:06:53 读取文件:E:/WorkSpace/Gaoda-trunk/client/tbl_tools/导表工具/Template/TemplateLang/WorkshopAchievementTemplateLang.lua
2019/04/08 18:06:53 字节:1421
2019/04/08 18:06:53 读取文件:E:/WorkSpace/Gaoda-trunk/client/tbl_tools/导表工具/Template/TemplateLang/WorkshopcenterTemplateLang.lua
2019/04/08 18:06:53 字节:341
2019/04/08 18:06:53 读取文件:E:/WorkSpace/Gaoda-trunk/client/tbl_tools/导表工具/Template/TemplateLang/WorkshopTemplateLang.lua
2019/04/08 18:06:53 字节:428
2019/04/08 18:06:53 读取文件:E:/WorkSpace/Gaoda-trunk/client/tbl_tools/导表工具/Template/TemplateLang/WorkshopupgradeTemplateLang.lua
2019/04/08 18:06:53 字节:917
2019/04/08 18:06:53 读取文件:E:/WorkSpace/Gaoda-trunk/client/tbl_tools/导表工具/Template/TemplateLang/AchievementDataTemplateLang.lua
2019/04/08 18:06:53 字节:7305
2019/04/08 18:06:53 读取文件:E:/WorkSpace/Gaoda-trunk/client/tbl_tools/导表工具/Template/TemplateLang/AreaDataTemplateLang.lua
2019/04/08 18:06:53 字节:1736
2019/04/08 18:06:53 读取文件:E:/WorkSpace/Gaoda-trunk/client/tbl_tools/导表工具/Template/TemplateLang/ArenaNPCDataTemplateLang.lua
2019/04/08 18:06:53 字节:124815
2019/04/08 18:06:53 读取文件:E:/WorkSpace/Gaoda-trunk/client/tbl_tools/导表工具/Template/TemplateLang/ArmygroupBossTemplateLang.lua
2019/04/08 18:06:53 字节:645
2019/04/08 18:06:53 读取文件:E:/WorkSpace/Gaoda-trunk/client/tbl_tools/导表工具/Template/TemplateLang/AwardCenterDataTemplateLang.lua
2019/04/08 18:06:53 字节:14473
2019/04/08 18:06:53 读取文件:E:/WorkSpace/Gaoda-trunk/client/tbl_tools/导表工具/Template/TemplateLang/BoxExchangeTemplateLang.lua
2019/04/08 18:06:53 字节:1395
2019/04/08 18:06:53 读取文件:E:/WorkSpace/Gaoda-trunk/client/tbl_tools/导表工具/Template/TemplateLang/BroadcastTemplateLang.lua
2019/04/08 18:06:53 字节:15749
2019/04/08 18:06:53 读取文件:E:/WorkSpace/Gaoda-trunk/client/tbl_tools/导表工具/Template/TemplateLang/BuffDataTemplateLang.lua
2019/04/08 18:06:53 字节:4110
2019/04/08 18:06:53 读取文件:E:/WorkSpace/Gaoda-trunk/client/tbl_tools/导表工具/Template/TemplateLang/CampaignDataTemplateLang.lua
2019/04/08 18:06:53 字节:22559
2019/04/08 18:06:53 执行完毕.
